Attempting to open dialog with script: C:\Users\might\code\program_checker\backend\directory_dialog.py
Current dir: C:\Users\might\code\program_checker
Subprocess return code: 0
Subprocess stdout: 

Subprocess stderr: 
Attempting to open dialog with script: C:\Users\might\code\program_checker\backend\directory_dialog.py
Current dir: C:\Users\might\code\program_checker
Subprocess return code: 0
Subprocess stdout: 

Subprocess stderr: 
Thread starting dialog script: C:\Users\might\code\program_checker\backend\directory_dialog.py
Thread finished. Return code: 0
Stdout: 

Thread starting dialog script: C:\Users\might\code\program_checker\backend\directory_dialog.py
Thread finished. Return code: 0
Stdout: C:/Users/might/Downloads/sourcecode

Thread starting dialog script: C:\Users\might\code\program_checker\backend\directory_dialog.py
Thread finished. Return code: 0
Stdout: C:/Users/might/Downloads/sourcecode

Thread starting dialog script: C:\Users\might\code\program_checker\backend\directory_dialog.py
Thread finished. Return code: 0
Stdout: C:/Users/might/Downloads/sourcecode

Thread starting dialog script: C:\Users\might\code\program_checker\backend\directory_dialog.py
Thread finished. Return code: 0
Stdout: D:/第1回課題レポート/課題2-1

Thread starting dialog script: C:\Users\might\code\program_checker\backend\directory_dialog.py
Thread finished. Return code: 0
Stdout: D:/第1回課題レポート/課題2-1

Thread starting dialog script: C:\Users\might\code\program_checker\backend\directory_dialog.py
Thread finished. Return code: 0
Stdout: D:/第1回課題レポート/課題2-1

Thread starting dialog script: C:\Users\might\code\program_checker\backend\directory_dialog.py
Thread finished. Return code: 0
Stdout: C:/Users/might/Downloads/sourcecode/hoby/pyxel_game

Thread starting dialog script: C:\Users\might\code\program_checker\backend\directory_dialog.py
Thread finished. Return code: 0
Stdout: D:/第1回課題レポート/課題2-1

